2018-08-11 11:17:07,548 DEBUG (BaseJdbcLogger.java:159)- ==>  Preparing: SELECT count(0) FROM t_user 
2018-08-11 11:17:07,550 DEBUG (BaseJdbcLogger.java:159)- ==> Parameters: 
2018-08-11 11:17:07,551 DEBUG (BaseJdbcLogger.java:159)- <==      Total: 1
2018-08-11 11:17:07,551 DEBUG (BaseJdbcLogger.java:159)- ==>  Preparing: SELECT userId,userName,password,phone FROM t_user LIMIT ? 
2018-08-11 11:17:07,551 DEBUG (BaseJdbcLogger.java:159)- ==> Parameters: 10(Integer)
2018-08-11 11:17:07,553 DEBUG (BaseJdbcLogger.java:159)- <==      Total: 2
2018-08-11 11:17:29,125 INFO (StartupInfoLogger.java:50)- Starting Phantom1Application on xiaoyuPC with PID 11669 (/home/xiaoyu/ideaWorkSpace/phantom1/target/classes started by xiaoyu in /home/xiaoyu/ideaWorkSpace/phantom1)
2018-08-11 11:17:29,128 DEBUG (StartupInfoLogger.java:53)- Running with Spring Boot v2.0.4.RELEASE, Spring v5.0.8.RELEASE
2018-08-11 11:17:29,129 INFO (SpringApplication.java:666)- The following profiles are active: dev
2018-08-11 11:17:30,835 INFO (StartupInfoLogger.java:59)- Started Phantom1Application in 2.071 seconds (JVM running for 2.407)
2018-08-11 11:17:30,837 INFO (Phantom1Application.java:15)- 日志輸出測試
2018-08-11 11:17:34,557 DEBUG (BaseJdbcLogger.java:159)- ==>  Preparing: SELECT count(0) FROM t_user 
2018-08-11 11:17:34,569 DEBUG (BaseJdbcLogger.java:159)- ==> Parameters: 
2018-08-11 11:17:34,578 DEBUG (BaseJdbcLogger.java:159)- <==      Total: 1
2018-08-11 11:17:34,581 DEBUG (BaseJdbcLogger.java:159)- ==>  Preparing: SELECT userId,userName,password,phone FROM t_user LIMIT ? 
2018-08-11 11:17:34,581 DEBUG (BaseJdbcLogger.java:159)- ==> Parameters: 10(Integer)
2018-08-11 11:17:34,583 DEBUG (BaseJdbcLogger.java:159)- <==      Total: 2
2018-08-11 11:17:35,729 DEBUG (BaseJdbcLogger.java:159)- ==>  Preparing: SELECT count(0) FROM t_user 
2018-08-11 11:17:35,730 DEBUG (BaseJdbcLogger.java:159)- ==> Parameters: 
2018-08-11 11:17:35,731 DEBUG (BaseJdbcLogger.java:159)- <==      Total: 1
2018-08-11 11:17:35,733 DEBUG (BaseJdbcLogger.java:159)- ==>  Preparing: SELECT userId,userName,password,phone FROM t_user LIMIT ? 
2018-08-11 11:17:35,734 DEBUG (BaseJdbcLogger.java:159)- ==> Parameters: 10(Integer)
2018-08-11 11:17:35,736 DEBUG (BaseJdbcLogger.java:159)- <==      Total: 2
2018-08-11 11:17:36,457 DEBUG (BaseJdbcLogger.java:159)- ==>  Preparing: SELECT count(0) FROM t_user 
2018-08-11 11:17:36,458 DEBUG (BaseJdbcLogger.java:159)- ==> Parameters: 
2018-08-11 11:17:36,459 DEBUG (BaseJdbcLogger.java:159)- <==      Total: 1
2018-08-11 11:17:36,459 DEBUG (BaseJdbcLogger.java:159)- ==>  Preparing: SELECT userId,userName,password,phone FROM t_user LIMIT ? 
2018-08-11 11:17:36,459 DEBUG (BaseJdbcLogger.java:159)- ==> Parameters: 10(Integer)
2018-08-11 11:17:36,461 DEBUG (BaseJdbcLogger.java:159)- <==      Total: 2
2018-08-11 11:17:36,978 DEBUG (BaseJdbcLogger.java:159)- ==>  Preparing: SELECT count(0) FROM t_user 
2018-08-11 11:17:36,979 DEBUG (BaseJdbcLogger.java:159)- ==> Parameters: 
2018-08-11 11:17:36,981 DEBUG (BaseJdbcLogger.java:159)- <==      Total: 1
2018-08-11 11:17:36,983 DEBUG (BaseJdbcLogger.java:159)- ==>  Preparing: SELECT userId,userName,password,phone FROM t_user LIMIT ? 
2018-08-11 11:17:36,983 DEBUG (BaseJdbcLogger.java:159)- ==> Parameters: 10(Integer)
2018-08-11 11:17:36,985 DEBUG (BaseJdbcLogger.java:159)- <==      Total: 2
2018-08-11 11:17:41,576 DEBUG (BaseJdbcLogger.java:159)- ==>  Preparing: SELECT count(0) FROM t_user 
2018-08-11 11:17:41,577 DEBUG (BaseJdbcLogger.java:159)- ==> Parameters: 
2018-08-11 11:17:41,579 DEBUG (BaseJdbcLogger.java:159)- <==      Total: 1
2018-08-11 11:17:41,580 DEBUG (BaseJdbcLogger.java:159)- ==>  Preparing: SELECT userId,userName,password,phone FROM t_user LIMIT ? 
2018-08-11 11:17:41,581 DEBUG (BaseJdbcLogger.java:159)- ==> Parameters: 10(Integer)
2018-08-11 11:17:41,582 DEBUG (BaseJdbcLogger.java:159)- <==      Total: 2
2018-08-11 11:17:41,776 DEBUG (BaseJdbcLogger.java:159)- ==>  Preparing: SELECT count(0) FROM t_user 
2018-08-11 11:17:41,777 DEBUG (BaseJdbcLogger.java:159)- ==> Parameters: 
2018-08-11 11:17:41,779 DEBUG (BaseJdbcLogger.java:159)- <==      Total: 1
2018-08-11 11:17:41,781 DEBUG (BaseJdbcLogger.java:159)- ==>  Preparing: SELECT userId,userName,password,phone FROM t_user LIMIT ? 
2018-08-11 11:17:41,782 DEBUG (BaseJdbcLogger.java:159)- ==> Parameters: 10(Integer)
2018-08-11 11:17:41,785 DEBUG (BaseJdbcLogger.java:159)- <==      Total: 2
2018-08-11 11:17:42,021 DEBUG (BaseJdbcLogger.java:159)- ==>  Preparing: SELECT count(0) FROM t_user 
2018-08-11 11:17:42,021 DEBUG (BaseJdbcLogger.java:159)- ==> Parameters: 
2018-08-11 11:17:42,022 DEBUG (BaseJdbcLogger.java:159)- <==      Total: 1
2018-08-11 11:17:42,023 DEBUG (BaseJdbcLogger.java:159)- ==>  Preparing: SELECT userId,userName,password,phone FROM t_user LIMIT ? 
2018-08-11 11:17:42,024 DEBUG (BaseJdbcLogger.java:159)- ==> Parameters: 10(Integer)
2018-08-11 11:17:42,025 DEBUG (BaseJdbcLogger.java:159)- <==      Total: 2
2018-08-11 11:17:42,215 DEBUG (BaseJdbcLogger.java:159)- ==>  Preparing: SELECT count(0) FROM t_user 
2018-08-11 11:17:42,216 DEBUG (BaseJdbcLogger.java:159)- ==> Parameters: 
2018-08-11 11:17:42,218 DEBUG (BaseJdbcLogger.java:159)- <==      Total: 1
2018-08-11 11:17:42,220 DEBUG (BaseJdbcLogger.java:159)- ==>  Preparing: SELECT userId,userName,password,phone FROM t_user LIMIT ? 
2018-08-11 11:17:42,222 DEBUG (BaseJdbcLogger.java:159)- ==> Parameters: 10(Integer)
2018-08-11 11:17:42,230 DEBUG (BaseJdbcLogger.java:159)- <==      Total: 2
2018-08-11 11:17:42,541 DEBUG (BaseJdbcLogger.java:159)- ==>  Preparing: SELECT count(0) FROM t_user 
2018-08-11 11:17:42,542 DEBUG (BaseJdbcLogger.java:159)- ==> Parameters: 
2018-08-11 11:17:42,543 DEBUG (BaseJdbcLogger.java:159)- <==      Total: 1
2018-08-11 11:17:42,544 DEBUG (BaseJdbcLogger.java:159)- ==>  Preparing: SELECT userId,userName,password,phone FROM t_user LIMIT ? 
2018-08-11 11:17:42,544 DEBUG (BaseJdbcLogger.java:159)- ==> Parameters: 10(Integer)
2018-08-11 11:17:42,545 DEBUG (BaseJdbcLogger.java:159)- <==      Total: 2
