2018-08-11 11:16:15,395 INFO (StartupInfoLogger.java:50)- Starting Phantom1Application on xiaoyuPC with PID 11191 (/home/xiaoyu/ideaWorkSpace/phantom1/target/classes started by xiaoyu in /home/xiaoyu/ideaWorkSpace/phantom1)
2018-08-11 11:16:15,401 DEBUG (StartupInfoLogger.java:53)- Running with Spring Boot v2.0.4.RELEASE, Spring v5.0.8.RELEASE
2018-08-11 11:16:15,402 INFO (SpringApplication.java:666)- The following profiles are active: dev
2018-08-11 11:16:17,130 INFO (StartupInfoLogger.java:59)- Started Phantom1Application in 2.019 seconds (JVM running for 2.338)
2018-08-11 11:16:17,133 INFO (Phantom1Application.java:15)- 日志輸出測試
2018-08-11 11:16:21,488 DEBUG (BaseJdbcLogger.java:159)- ==>  Preparing: SELECT count(0) FROM t_user 
2018-08-11 11:16:21,501 DEBUG (BaseJdbcLogger.java:159)- ==> Parameters: 
2018-08-11 11:16:21,510 DEBUG (BaseJdbcLogger.java:159)- <==      Total: 1
2018-08-11 11:16:21,512 DEBUG (BaseJdbcLogger.java:159)- ==>  Preparing: SELECT userId,userName,password,phone FROM t_user LIMIT ? 
2018-08-11 11:16:21,513 DEBUG (BaseJdbcLogger.java:159)- ==> Parameters: 10(Integer)
2018-08-11 11:16:21,515 DEBUG (BaseJdbcLogger.java:159)- <==      Total: 2
2018-08-11 11:16:24,372 DEBUG (BaseJdbcLogger.java:159)- ==>  Preparing: SELECT count(0) FROM t_user 
2018-08-11 11:16:24,373 DEBUG (BaseJdbcLogger.java:159)- ==> Parameters: 
2018-08-11 11:16:24,373 DEBUG (BaseJdbcLogger.java:159)- <==      Total: 1
2018-08-11 11:16:24,374 DEBUG (BaseJdbcLogger.java:159)- ==>  Preparing: SELECT userId,userName,password,phone FROM t_user LIMIT ? 
2018-08-11 11:16:24,374 DEBUG (BaseJdbcLogger.java:159)- ==> Parameters: 10(Integer)
2018-08-11 11:16:24,375 DEBUG (BaseJdbcLogger.java:159)- <==      Total: 2
2018-08-11 11:16:48,278 DEBUG (BaseJdbcLogger.java:159)- ==>  Preparing: SELECT count(0) FROM t_user 
2018-08-11 11:16:48,279 DEBUG (BaseJdbcLogger.java:159)- ==> Parameters: 
2018-08-11 11:16:48,280 DEBUG (BaseJdbcLogger.java:159)- <==      Total: 1
2018-08-11 11:16:48,281 DEBUG (BaseJdbcLogger.java:159)- ==>  Preparing: SELECT userId,userName,password,phone FROM t_user LIMIT ? 
2018-08-11 11:16:48,281 DEBUG (BaseJdbcLogger.java:159)- ==> Parameters: 10(Integer)
2018-08-11 11:16:48,283 DEBUG (BaseJdbcLogger.java:159)- <==      Total: 2
