2018-08-11 10:57:22,977 DEBUG (BaseJdbcLogger.java:159)- ==> Parameters: 10(Integer)
2018-08-11 10:57:22,979 DEBUG (BaseJdbcLogger.java:159)- <==      Total: 2
2018-08-11 11:11:15,152 INFO (StartupInfoLogger.java:50)- Starting Phantom1Application on xiaoyuPC with PID 10399 (/home/xiaoyu/ideaWorkSpace/phantom1/target/classes started by xiaoyu in /home/xiaoyu/ideaWorkSpace/phantom1)
2018-08-11 11:11:15,155 DEBUG (StartupInfoLogger.java:53)- Running with Spring Boot v2.0.4.RELEASE, Spring v5.0.8.RELEASE
2018-08-11 11:11:15,157 INFO (SpringApplication.java:666)- The following profiles are active: dev
2018-08-11 11:11:16,854 INFO (StartupInfoLogger.java:59)- Started Phantom1Application in 2.002 seconds (JVM running for 2.332)
2018-08-11 11:11:16,855 INFO (Phantom1Application.java:15)- 日志輸出測試
2018-08-11 11:11:23,417 DEBUG (BaseJdbcLogger.java:159)- ==>  Preparing: SELECT count(0) FROM t_user 
2018-08-11 11:11:23,429 DEBUG (BaseJdbcLogger.java:159)- ==> Parameters: 
2018-08-11 11:11:23,439 DEBUG (BaseJdbcLogger.java:159)- <==      Total: 1
2018-08-11 11:11:23,441 DEBUG (BaseJdbcLogger.java:159)- ==>  Preparing: SELECT userId,userName,password,phone FROM t_user LIMIT ? 
2018-08-11 11:11:23,442 DEBUG (BaseJdbcLogger.java:159)- ==> Parameters: 10(Integer)
2018-08-11 11:11:23,444 DEBUG (BaseJdbcLogger.java:159)- <==      Total: 2
2018-08-11 11:11:59,767 DEBUG (BaseJdbcLogger.java:159)- ==>  Preparing: SELECT count(0) FROM t_user 
2018-08-11 11:11:59,769 DEBUG (BaseJdbcLogger.java:159)- ==> Parameters: 
2018-08-11 11:11:59,770 DEBUG (BaseJdbcLogger.java:159)- <==      Total: 1
2018-08-11 11:11:59,772 DEBUG (BaseJdbcLogger.java:159)- ==>  Preparing: SELECT userId,userName,password,phone FROM t_user LIMIT ? 
2018-08-11 11:11:59,773 DEBUG (BaseJdbcLogger.java:159)- ==> Parameters: 10(Integer)
2018-08-11 11:11:59,774 DEBUG (BaseJdbcLogger.java:159)- <==      Total: 2
2018-08-11 11:12:00,556 DEBUG (BaseJdbcLogger.java:159)- ==>  Preparing: SELECT count(0) FROM t_user 
2018-08-11 11:12:00,557 DEBUG (BaseJdbcLogger.java:159)- ==> Parameters: 
2018-08-11 11:12:00,558 DEBUG (BaseJdbcLogger.java:159)- <==      Total: 1
2018-08-11 11:12:00,559 DEBUG (BaseJdbcLogger.java:159)- ==>  Preparing: SELECT userId,userName,password,phone FROM t_user LIMIT ? 
2018-08-11 11:12:00,560 DEBUG (BaseJdbcLogger.java:159)- ==> Parameters: 10(Integer)
2018-08-11 11:12:00,562 DEBUG (BaseJdbcLogger.java:159)- <==      Total: 2
2018-08-11 11:12:25,699 INFO (StartupInfoLogger.java:50)- Starting Phantom1Application on xiaoyuPC with PID 10570 (/home/xiaoyu/ideaWorkSpace/phantom1/target/classes started by xiaoyu in /home/xiaoyu/ideaWorkSpace/phantom1)
2018-08-11 11:12:25,702 DEBUG (StartupInfoLogger.java:53)- Running with Spring Boot v2.0.4.RELEASE, Spring v5.0.8.RELEASE
2018-08-11 11:12:25,703 INFO (SpringApplication.java:666)- The following profiles are active: dev
